{"name": "Search a movie by title", "status": "failed", "statusDetails": {"message": "AssertionError: assert False == True\n +  where False = <bound method KinopoiskFindPage.check_top_five of <Pages.find_page.KinopoiskFindPage object at 0x00000256061FE450>>()\n +    where <bound method KinopoiskFindPage.check_top_five of <Pages.find_page.KinopoiskFindPage object at 0x00000256061FE450>> = <Pages.find_page.KinopoiskFindPage object at 0x00000256061FE450>.check_top_five", "trace": "self = <run_test.TestFind object at 0x00000256061E8910>, driver = <selenium.webdriver.chrome.webdriver.WebDriver (session=\"21fd610817d0a08559445dd8cf2238ce\")>\n\n    @allure.title('Search a movie by title')\n    def test_find_film(self, driver):\n        find_page = KinopoiskFindPage(driver,'https://www.kinopoisk.ru/s/')\n        find_page.open()\n        find_page.find_film()\n>       assert find_page.check_top_five() == True\nE       assert False == True\nE        +  where False = <bound method KinopoiskFindPage.check_top_five of <Pages.find_page.KinopoiskFindPage object at 0x00000256061FE450>>()\nE        +    where <bound method KinopoiskFindPage.check_top_five of <Pages.find_page.KinopoiskFindPage object at 0x00000256061FE450>> = <Pages.find_page.KinopoiskFindPage object at 0x00000256061FE450>.check_top_five\n\ntests\\run_test.py:12: AssertionError"}, "steps": [{"name": "Fill fields and submit", "status": "passed", "steps": [{"name": "Filling fields", "status": "passed", "start": 1697051950352, "stop": 1697051950645}, {"name": "Click submit", "status": "passed", "start": 1697051950645, "stop": 1697051951618}], "start": 1697051950352, "stop": 1697051951618}], "start": 1697051948906, "stop": 1697051951668, "uuid": "bbd18c89-3c2e-49d3-9143-c7eb54c086d0", "historyId": "3c16a8dde78f8ecd420d6b1928f2d6a8", "testCaseId": "3c16a8dde78f8ecd420d6b1928f2d6a8", "fullName": "tests.run_test.TestFind#test_find_film", "labels": [{"name": "feature", "value": "Kinopoisk Find Film"}, {"name": "parentSuite", "value": "tests"}, {"name": "suite", "value": "run_test"}, {"name": "subSuite", "value": "TestFind"}, {"name": "host", "value": "DESKTOP-2T8RA9U"}, {"name": "thread", "value": "13556-MainThread"}, {"name": "framework", "value": "pytest"}, {"name": "language", "value": "cpython3"}, {"name": "package", "value": "tests.run_test"}]}